1 [139794735064896] INFO perfrun.launcher <> - Launcher main begin
1 [139794735064896] INFO perfrun.launcher <> - MessageCatalogInit finished
1 [139794735064896] INFO perfrun.launcher <> - Launcher instance created
1 [139794735064896] INFO perfrun.launcher <> - argc = 7; cmdline = /opt/intel/oneapi/vtune/2025.10/bin64/amplxe-runss --ui-output-format xml --ui-output-fd 5 --option-file /home/ringlpn/results/vtune_hotspots_65536_64/config/runss.options 
24 [139794735064896] INFO perfrun.perfcollector <> - SEP tool path: /opt/intel/oneapi/vtune/2025.10/bin64/sep
30 [139794735064896] INFO perfrun.launcher <> - create msngr2::ICliToolContext
30 [139794735064896] INFO perfrun.launcher <> - create file finder object
30 [139794735064896] INFO perfrun.launcher <> - create a result directory: pattern = /home/ringlpn/results/vtune_hotspots_65536_64 pid = 4294967295
31 [139794735064896] INFO perfrun.sdk <> - checked that the directory /home/ringlpn/results/vtune_hotspots_65536_64 is a local directory
31 [139794735064896] INFO perfrun.sdk <> - the directory /home/ringlpn/results/vtune_hotspots_65536_64 is a local directory with FS type ID 61267
31 [139794735064896] INFO perfrun.launcher <> - create data directory = /home/ringlpn/results/vtune_hotspots_65536_64/data.0
31 [139794735064896] INFO perfrun.launcher <> - Creating the master collection flag
32 [139794735064896] INFO perfrun.launcher <> - Done creating the master collection flag
33 [139794581657152] INFO perfrun.launcher <> - plugin [remoteplug] was disabled because it doesn't support the given collection type.
34 [139794581657152] INFO perfrun.sdk <> - Allocating TMU :/home/ringlpn/results/vtune_hotspots_65536_64/data.0/systemcollector-3096-sn4622124096.sc
34 [139794581657152] INFO perfrun.system <> - Tpss based collection
34 [139794581657152] INFO perfrun.launcher <> - plugin [ptracecollector] was disabled because it doesn't support the given collection type.
34 [139794581657152] INFO perfrun.launcher <> - plugin [gpu] was disabled because it doesn't support the given collection type.
34 [139794581657152] INFO perfrun.launcher <> - plugin [] was disabled because it doesn't support the given collection type.
34 [139794581657152] INFO perfrun.launcher <> - plugin [] was disabled because it doesn't support the given collection type.
34 [139794581657152] INFO perfrun.launcher <> - plugin [] was disabled because it doesn't support the given collection type.
34 [139794581657152] INFO perfrun.mrte <> - system-wide mode is 0
34 [139794581657152] INFO perfrun.mrte <> - Getting  mrte profiling environment ...
39 [139794581657152] INFO perfrun.mrte <> - INTEL_MRTE_DATA_DIR=/home/ringlpn/results/vtune_hotspots_65536_64/data.0
39 [139794581657152] INFO perfrun.mrte <> - INTEL_MRTE_HOST_NAME=sn4622124096
39 [139794581657152] INFO perfrun.mrte <> - JAVA_TOOL_OPTIONS=-agentlib:amplxe_samplingmrte_javaprof_1.0 -Dsun.boot.library.path=/opt/intel/oneapi/vtune/2025.10/lib32/runtime:/opt/intel/oneapi/vtune/2025.10/lib64/runtime
39 [139794581657152] INFO perfrun.mrte <> - LD_LIBRARY_PATH=/opt/intel/oneapi/vtune/2025.10/lib32/runtime:/opt/intel/oneapi/vtune/2025.10/lib64/runtime:/usr/local/nvidia/lib:/usr/local/nvidia/lib64
39 [139794581657152] INFO perfrun.mrte <> - CORECLR_ENABLE_PROFILING=1
39 [139794581657152] INFO perfrun.mrte <> - CORECLR_PROFILER={AA5E4821-E3B1-479c-B7FF-5AD047D22CED}
39 [139794581657152] INFO perfrun.mrte <> - CORECLR_PROFILER_PATH=/opt/intel/oneapi/vtune/2025.10/lib64/libamplxe_samplingmrte_clrprof_1.0.so
39 [139794581657152] INFO perfrun.mrte <> - INTEL_MRTE_PROFILER_MODE=mixed
39 [139794581657152] INFO perfrun.mrte <> - Data directory: /home/ringlpn/results/vtune_hotspots_65536_64/data.0
39 [139794581657152] INFO perfrun.mrte <> - Mrte plugin is initialized
39 [139794581657152] INFO perfrun.sdk <> - runCmd: /opt/intel/oneapi/vtune/2025.10/bin64/emon -v
39 [139794581657152] INFO perfrun.sdk <> - runCmd started PID 3100
162 [139794581657152] INFO perfrun.emon <> - Extracted TSC Frequency = 3.096e+09 from emon -v
162 [139794581657152] INFO perfrun.metrics <> - PMU type is sapphirerapids_server
163 [139794581657152] INFO perfrun.launcher <> - plugin [cuscol] was disabled because it doesn't support the given collection type.
163 [139794581657152] INFO perfrun.launcher <> - plugin [stdsrc] was disabled because it doesn't support the given collection type.
163 [139794581657152] INFO perfrun.launcher <> - plugin [sep] was disabled because it doesn't support the given collection type.
163 [139794581657152] INFO perfrun.launcher <> - plugin [vtsspp] was disabled because it doesn't support the given collection type.
163 [139794581657152] INFO perfrun.launcher <> - plugin [perf] was disabled because it doesn't support the given collection type.
163 [139794581657152] INFO perfrun.launcher <> - plugin [aoclprofile] was disabled because it doesn't support the given collection type.
163 [139794581657152] INFO perfrun.tpss <> - initialize tpss controller
163 [139794581657152] INFO perfrun.tpss <> - configure collection mode: value = cpu:stack
163 [139794581657152] INFO perfrun.tpss <> - default obj-size-min=1024
163 [139794581657152] INFO perfrun.tpss <> - default hash-table-size=0
163 [139794581657152] INFO perfrun.launcher <> - plugin [media] was disabled because it doesn't support the given collection type.
163 [139794581657152] INFO perfrun.launcher <> - plugin [] was disabled because it doesn't support the given collection type.
163 [139794581657152] INFO perfrun.launcher <> - plugin [] was disabled because it doesn't support the given collection type.
163 [139794581657152] INFO perfrun.launcher <> - plugin [parallelfs] was disabled because it doesn't support the given collection type.
163 [139794581657152] INFO perfrun.launcher <> - plugin [power] was disabled because it doesn't support the given collection type.
163 [139794581657152] INFO perfrun.launcher <> - plugin [] was disabled because it doesn't support the given collection type.
163 [139794581657152] INFO perfrun.launcher <> - plugin [] was disabled because it doesn't support the given collection type.
163 [139794581657152] INFO perfrun.launcher <> - plugin [] was disabled because it doesn't support the given collection type.
163 [139794581657152] INFO perfrun.launcher <> - plugin [l0_metrics] was disabled because it doesn't support the given collection type.
163 [139794581657152] INFO perfrun.launcher <> - plugin [stall_reasons] was disabled because it doesn't support the given collection type.
163 [139794735064896] INFO perfrun.launcher <> - set environment variable: LD_LIBRARY_PATH = /opt/intel/oneapi/vtune/2025.10/lib32/runtime:/opt/intel/oneapi/vtune/2025.10/lib64/runtime:/usr/local/nvidia/lib:/usr/local/nvidia/lib64
163 [139794735064896] INFO perfrun.launcher <> - set environment variable: INTEL_LIBITTNOTIFY32 = /opt/intel/oneapi/vtune/2025.10/lib32/runtime/libittnotify_collector.so
163 [139794735064896] INFO perfrun.launcher <> - set environment variable: INTEL_LIBITTNOTIFY64 = /opt/intel/oneapi/vtune/2025.10/lib64/runtime/libittnotify_collector.so
163 [139794735064896] INFO perfrun.launcher <> - set environment variable: INTEL_ITTNOTIFY_GROUPS = 
163 [139794735064896] INFO perfrun.launcher <> - set environment variable: INTEL_JIT_PROFILER32 = /opt/intel/oneapi/vtune/2025.10/lib32/runtime/libittnotify_collector.so
164 [139794735064896] INFO perfrun.launcher <> - set environment variable: INTEL_JIT_PROFILER64 = /opt/intel/oneapi/vtune/2025.10/lib64/runtime/libittnotify_collector.so
164 [139794735064896] INFO perfrun.launcher <> - set environment variable: CCL_ITT_LEVEL = 1
164 [139794735064896] INFO perfrun.launcher <> - set environment variable: ENABLE_JITPROFILING = 1
164 [139794735064896] INFO perfrun.launcher <> - set environment variable: CL_CONFIG_USE_VTUNE = True
164 [139794735064896] INFO perfrun.launcher <> - set environment variable: KMP_FORKJOIN_FRAMES = 0
164 [139794735064896] INFO perfrun.launcher <> - set environment variable: KMP_FORKJOIN_FRAMES_MODE = 0
164 [139794735064896] INFO perfrun.launcher <> - set environment variable: INTEL_MRTE_DATA_DIR = /home/ringlpn/results/vtune_hotspots_65536_64/data.0
164 [139794735064896] INFO perfrun.launcher <> - set environment variable: INTEL_MRTE_HOST_NAME = sn4622124096
164 [139794735064896] INFO perfrun.launcher <> - set environment variable: JAVA_TOOL_OPTIONS = -agentlib:amplxe_samplingmrte_javaprof_1.0 -Dsun.boot.library.path=/opt/intel/oneapi/vtune/2025.10/lib32/runtime:/opt/intel/oneapi/vtune/2025.10/lib64/runtime
164 [139794735064896] INFO perfrun.launcher <> - set environment variable: LD_LIBRARY_PATH = /opt/intel/oneapi/vtune/2025.10/lib32/runtime:/opt/intel/oneapi/vtune/2025.10/lib64/runtime:/usr/local/nvidia/lib:/usr/local/nvidia/lib64
164 [139794735064896] INFO perfrun.launcher <> - set environment variable: CORECLR_ENABLE_PROFILING = 1
164 [139794735064896] INFO perfrun.launcher <> - set environment variable: CORECLR_PROFILER = {AA5E4821-E3B1-479c-B7FF-5AD047D22CED}
164 [139794735064896] INFO perfrun.launcher <> - set environment variable: CORECLR_PROFILER_PATH = /opt/intel/oneapi/vtune/2025.10/lib64/libamplxe_samplingmrte_clrprof_1.0.so
164 [139794735064896] INFO perfrun.launcher <> - set environment variable: INTEL_MRTE_PROFILER_MODE = mixed
164 [139794735064896] INFO perfrun.launcher <> - RpcServer: run RPC server to handle requests
164 [139794735064896] INFO perfrun.launcher <> - Launcher: command line to start before modification = /home/ringlpn/bin/bench_ntt --n 65536 --qbits 64 --iters 200 --warmup 20
164 [139794735064896] INFO perfrun.launcher <> - Launcher: command line to start after modification = /opt/intel/oneapi/vtune/2025.10/bin64/pin -error_file /home/ringlpn/results/vtune_hotspots_65536_64/data.0/pinerr.tpsslog -detach_reattach -follow_execv -tool_load_option deepbind -t64 /opt/intel/oneapi/vtune/2025.10/lib64/libtpsstool.so -t /opt/intel/oneapi/vtune/2025.10/lib32/libtpsstool.so -server_name tpss_ipc.3096 -prd_dir /opt/intel/oneapi/vtune/2025.10 -- /home/ringlpn/bin/bench_ntt --n 65536 --qbits 64 --iters 200 --warmup 20
164 [139794735064896] INFO perfrun.launcher <> - ProcessCreator object was created
164 [139794735064896] INFO perfrun.launcher <> - Launcher: the process was started in suspend mode
167 [139794581657152] WARN perfrun.system <> - Folder "/sys/kernel/debug/kvm"doesn't exist, at file: vcs/perfrun1/plugins/system/src/trace_writer.cpp:724
167 [139794581657152] WARN perfrun.system <> - Folder "/var/run/libvirt/qemu/"doesn't exist, at file: vcs/perfrun1/plugins/system/src/trace_writer.cpp:804
169 [139794581657152] INFO perfrun.sdk <> - Found PCU CR3 registers at 0000:ff:1e.3
169 [139794581657152] INFO perfrun.sdk <> - runCmd: /opt/intel/oneapi/vtune/2025.10/bin64/sep -platform-info
169 [139794581657152] INFO perfrun.sdk <> - runCmd started PID 3104
295 [139794581657152] INFO perfrun.sdk <> - sep platform info successfully parsed
295 [139794581657152] INFO perfrun.sdk <> - Mapped device: AD102GL [RTX 5000 Ada Generation] 0000:16:00.0
295 [139794581657152] INFO perfrun.sdk <> - Mapped device: AD102GL [RTX 5000 Ada Generation] 0000:16:00.0
295 [139794581657152] INFO perfrun.sdk <> - Mapped device: AD102 High Definition Audio Controller 0000:16:00.1
295 [139794581657152] INFO perfrun.sdk <> - Mapped device: AD102 High Definition Audio Controller 0000:16:00.1
295 [139794581657152] INFO perfrun.sdk <> - Mapped device: AD102GL [RTX 5000 Ada Generation] 0000:52:00.0
295 [139794581657152] INFO perfrun.sdk <> - Mapped device: AD102GL [RTX 5000 Ada Generation] 0000:52:00.0
295 [139794581657152] INFO perfrun.sdk <> - Mapped device: AD102 High Definition Audio Controller 0000:52:00.1
295 [139794581657152] INFO perfrun.sdk <> - Mapped device: AD102 High Definition Audio Controller 0000:52:00.1
295 [139794581657152] INFO perfrun.sdk <> - Mapped device: AD102GL [RTX 5000 Ada Generation] 0000:34:00.0
295 [139794581657152] INFO perfrun.sdk <> - Mapped device: AD102GL [RTX 5000 Ada Generation] 0000:34:00.0
295 [139794581657152] INFO perfrun.sdk <> - Mapped device: AD102 High Definition Audio Controller 0000:34:00.1
295 [139794581657152] INFO perfrun.sdk <> - Mapped device: AD102 High Definition Audio Controller 0000:34:00.1
295 [139794581657152] INFO perfrun.sdk <> - Mapped device: AD102GL [RTX 5000 Ada Generation] 0000:70:00.0
295 [139794581657152] INFO perfrun.sdk <> - Mapped device: AD102GL [RTX 5000 Ada Generation] 0000:70:00.0
295 [139794581657152] INFO perfrun.sdk <> - Mapped device: AD102 High Definition Audio Controller 0000:70:00.1
295 [139794581657152] INFO perfrun.sdk <> - Mapped device: AD102 High Definition Audio Controller 0000:70:00.1
295 [139794581657152] ERROR perfrun.sdk <> - Cannot map to PMON notation. Unknown ID: 6, at file: vcs/perfrun1/plugins/pluginsdk/src/device_mapper.cpp:2949
295 [139794581657152] INFO perfrun.sdk <> - UBOX DID = 3250 LNID offset = c0 GID offset = d4
295 [139794581657152] INFO perfrun.sdk <> - Found UBOX at 0000:fe:00.0
295 [139794581657152] INFO perfrun.sdk <> - Found MSM at 0000:e7:03.0
295 [139794581657152] INFO perfrun.sdk <> - SAD_CONTROL_CFG for bus 0 e000000
295 [139794581657152] INFO perfrun.sdk <> - Mapped CPU bus #0 (domain 0 bus 0) to IO PMU #1 package 0
295 [139794581657152] INFO perfrun.sdk <> - Mapped CPU bus #1 (domain 0 bus 15) to IO PMU #2 package 0
295 [139794581657152] INFO perfrun.sdk <> - Mapped CPU bus #2 (domain 0 bus 8d) to IO PMU #4 package 0
295 [139794581657152] INFO perfrun.sdk <> - Mapped CPU bus #3 (domain 0 bus 51) to IO PMU #6 package 0
295 [139794581657152] INFO perfrun.sdk <> - Mapped CPU bus #4 (domain 0 bus 33) to IO PMU #7 package 0
295 [139794581657152] INFO perfrun.sdk <> - Mapped CPU bus #5 (domain 0 bus 6f) to IO PMU #9 package 0
295 [139794581657152] ERROR perfrun.sdk <> - Cannot map CPU bus 6 to IO PMU ID, at file: vcs/perfrun1/plugins/pluginsdk/src/device_mapper.cpp:2890
295 [139794581657152] ERROR perfrun.sdk <> - Cannot map CPU bus 7 to IO PMU ID, at file: vcs/perfrun1/plugins/pluginsdk/src/device_mapper.cpp:2890
295 [139794581657152] INFO perfrun.sdk <> - Mapped CPU bus #8 (domain 0 bus e7) to IO PMU #0 package 0
295 [139794581657152] INFO perfrun.sdk <> - Mapped CPU bus #9 (domain 0 bus ec) to IO PMU #3 package 0
295 [139794581657152] INFO perfrun.sdk <> - Mapped CPU bus #10 (domain 0 bus f1) to IO PMU #5 package 0
295 [139794581657152] INFO perfrun.sdk <> - Mapped CPU bus #11 (domain 0 bus f6) to IO PMU #8 package 0
295 [139794581657152] INFO perfrun.sdk <> -  package 0 unit 0 domain 0 rootBus e7
295 [139794581657152] INFO perfrun.sdk <> - Found DSA at 0000:e7:01.0 package 0 unit 0
295 [139794581657152] INFO perfrun.sdk <> - Mapped device: AD102GL [RTX 5000 Ada Generation] 0000:16:00.0
295 [139794581657152] INFO perfrun.sdk <> - Mapped device: AD102GL [RTX 5000 Ada Generation] 0000:16:00.0
295 [139794581657152] INFO perfrun.sdk <> - Mapped device: AD102 High Definition Audio Controller 0000:16:00.1
295 [139794581657152] INFO perfrun.sdk <> - Mapped device: AD102 High Definition Audio Controller 0000:16:00.1
295 [139794581657152] INFO perfrun.sdk <> -  package 0 unit 3 domain 0 rootBus ec
296 [139794581657152] INFO perfrun.sdk <> -  package 0 unit 5 domain 0 rootBus f1
296 [139794581657152] INFO perfrun.sdk <> - Mapped device: AD102GL [RTX 5000 Ada Generation] 0000:52:00.0
296 [139794581657152] INFO perfrun.sdk <> - Mapped device: AD102GL [RTX 5000 Ada Generation] 0000:52:00.0
296 [139794581657152] INFO perfrun.sdk <> - Mapped device: AD102 High Definition Audio Controller 0000:52:00.1
296 [139794581657152] INFO perfrun.sdk <> - Mapped device: AD102 High Definition Audio Controller 0000:52:00.1
296 [139794581657152] INFO perfrun.sdk <> - Mapped device: AD102GL [RTX 5000 Ada Generation] 0000:34:00.0
296 [139794581657152] INFO perfrun.sdk <> - Mapped device: AD102GL [RTX 5000 Ada Generation] 0000:34:00.0
296 [139794581657152] INFO perfrun.sdk <> - Mapped device: AD102 High Definition Audio Controller 0000:34:00.1
296 [139794581657152] INFO perfrun.sdk <> - Mapped device: AD102 High Definition Audio Controller 0000:34:00.1
296 [139794581657152] INFO perfrun.sdk <> -  package 0 unit 8 domain 0 rootBus f6
296 [139794581657152] INFO perfrun.sdk <> - Mapped device: AD102GL [RTX 5000 Ada Generation] 0000:70:00.0
296 [139794581657152] INFO perfrun.sdk <> - Mapped device: AD102GL [RTX 5000 Ada Generation] 0000:70:00.0
296 [139794581657152] INFO perfrun.sdk <> - Mapped device: AD102 High Definition Audio Controller 0000:70:00.1
296 [139794581657152] INFO perfrun.sdk <> - Mapped device: AD102 High Definition Audio Controller 0000:70:00.1
297 [139794581657152] WARN perfrun.sdk <> - Failed to find xl binary on any of the system paths: /bin, /sbin, /usr/bin, /usr/sbin., at file: vcs/perfrun1/sdk/src/utils.cpp:205
297 [139794581657152] WARN perfrun.system <> - Could not start ContainerMapping collector, at file: vcs/perfrun1/plugins/system/src/controller.cpp:450
301 [139794581657152] INFO perfrun.vdso <> - Helper runtool '/opt/intel/oneapi/vtune/2025.10/bin32/amplxe-runss -dump-vdso -r /home/ringlpn/results/vtune_hotspots_65536_64 --tmp-dir /tmp/amplxe-tmp-root' returned 1
351 [139794581657152] INFO perfrun.vdso <> - Helper runtool '/opt/intel/oneapi/vtune/2025.10/bin64/amplxe-runss -dump-vdso -r /home/ringlpn/results/vtune_hotspots_65536_64 --tmp-dir /tmp/amplxe-tmp-root' returned 0
351 [139794581657152] INFO perfrun.itt <> - start itt controller for pid #3103
352 [139794581657152] INFO perfrun.sdk <> - runCmd: /opt/intel/oneapi/vtune/2025.10/bin64/emon -M
353 [139794581657152] INFO perfrun.sdk <> - runCmd started PID 3111
467 [139794581657152] INFO perfrun.sdk <> - runCmd: /opt/intel/oneapi/vtune/2025.10/bin64/emon -v
467 [139794581657152] INFO perfrun.sdk <> - runCmd started PID 3112
590 [139794581657152] INFO perfrun.sdk <> - runCmd: /opt/intel/oneapi/vtune/2025.10/bin64/sep -dry-run -ec CPU_CLK_UNHALTED.THREAD,CPU_CLK_UNHALTED.REF_TSC:sample:sa=3100000,INST_RETIRED.ANY:sample:sa=3100000,CPU_CLK_UNHALTED.DISTRIBUTED,FP_ARITH_INST_RETIRED.SCALAR_SINGLE,FP_ARITH_INST_RETIRED.128B_PACKED_SINGLE,FP_ARITH_INST_RETIRED.256B_PACKED_SINGLE,FP_ARITH_INST_RETIRED.SCALAR_DOUBLE,FP_ARITH_INST_RETIRED.128B_PACKED_DOUBLE,FP_ARITH_INST_RETIRED.256B_PACKED_DOUBLE,UOPS_EXECUTED.X87,UOPS_RETIRED.SLOTS,UOPS_EXECUTED.THREAD,FP_ARITH_INST_RETIRED.512B_PACKED_DOUBLE,FP_ARITH_INST_RETIRED.512B_PACKED_SINGLE,FP_ARITH_INST_RETIRED2.SCALAR_HALF,FP_ARITH_INST_RETIRED2.128B_PACKED_HALF,FP_ARITH_INST_RETIRED2.256B_PACKED_HALF,FP_ARITH_INST_RETIRED2.512B_PACKED_HALF,TOPDOWN.SLOTS:perf_metrics:sample:sa=2000003 -experimental
591 [139794581657152] INFO perfrun.sdk <> - runCmd started PID 3114
706 [139794581657152] INFO perfrun.emon <> - Spawned collector thread
706 [139794340378176] INFO perfrun.sdk <> - runCmd: /opt/intel/oneapi/vtune/2025.10/bin64/emon -u -t 0.050 -l0 -C CPU_CLK_UNHALTED.DISTRIBUTED,CPU_CLK_UNHALTED.REF_TSC,CPU_CLK_UNHALTED.THREAD,FP_ARITH_INST_RETIRED.128B_PACKED_DOUBLE,FP_ARITH_INST_RETIRED.128B_PACKED_SINGLE,FP_ARITH_INST_RETIRED.256B_PACKED_DOUBLE,FP_ARITH_INST_RETIRED.256B_PACKED_SINGLE,FP_ARITH_INST_RETIRED.512B_PACKED_DOUBLE,FP_ARITH_INST_RETIRED.512B_PACKED_SINGLE,FP_ARITH_INST_RETIRED.SCALAR_DOUBLE,FP_ARITH_INST_RETIRED.SCALAR_SINGLE,FP_ARITH_INST_RETIRED2.128B_PACKED_HALF,FP_ARITH_INST_RETIRED2.256B_PACKED_HALF,FP_ARITH_INST_RETIRED2.512B_PACKED_HALF,FP_ARITH_INST_RETIRED2.SCALAR_HALF,INST_RETIRED.ANY,TOPDOWN.SLOTS:perf_metrics,UOPS_EXECUTED.THREAD,UOPS_EXECUTED.X87,UOPS_RETIRED.SLOTS -experimental
707 [139794340378176] INFO perfrun.sdk <> - runCmd started PID 3116
927 [139794581657152] INFO perfrun.tpss <> - start tpss controller for pid #3103
978 [139794735064896] INFO perfrun.launcher <> - Launcher: all plugins were started
978 [139794735064896] INFO perfrun.launcher <> - DirectoryMonitor object was created
979 [139794735064896] INFO perfrun.launcher <> - DirectoryMonitor: a callback was added
979 [139794735064896] INFO perfrun.launcher <> - DirectoryMonitor was started with pingTime = 1000
979 [139794735064896] INFO perfrun.launcher <> - DeadlineTimer is going to be constructed
979 [139794735064896] INFO perfrun.launcher <> - DeadlineTimer: a callback was added
981 [139794735064896] INFO perfrun.launcher <> - Launcher: resume the profiled application and  wait its termination or stop command
2308 [139794735064896] INFO perfrun.launcher <> - Launcher: the profiled application was terminated  with exit code = 0
2310 [139794581657152] INFO perfrun.itt <> - detach itt controller
2310 [139794581657152] INFO perfrun.itt <> - detach itt controller done
2310 [139794581657152] INFO perfrun.sdk <> - runCmd: /opt/intel/oneapi/vtune/2025.10/bin64/emon -stop
2310 [139794581657152] INFO perfrun.sdk <> - runCmd started PID 3129
2466 [139794340378176] WARN perfrun.emon_output <> - TimeKeeper: the time is being asked while the time keeper object is armed. This may mean that the time for the last group is getting reused as the time for this group
2466 [139794340378176] INFO perfrun.emon_output <> - Collector process exited successfully
2473 [139794581657152] INFO perfrun.emon <> - EMON collector successfully stopped.

2473 [139794581657152] INFO perfrun.tpss <> - stop tpss controller
2474 [139794581657152] INFO perfrun.sdk <> - De-allocating TMU: /home/ringlpn/results/vtune_hotspots_65536_64/data.0/systemcollector-3096-sn4622124096.sc
2474 [139794581657152] INFO perfrun.system <> - closed the system trace file: /home/ringlpn/results/vtune_hotspots_65536_64/data.0/systemcollector-3096-sn4622124096.sc
2474 [139794735064896] INFO perfrun.launcher <> - Launcher: all plugins were stopped.
2474 [139794735064896] INFO perfrun.launcher <> - DeadlineTimer is going to be destroyed
2474 [139794735064896] INFO perfrun.launcher <> - DeadlineTimer was destroyed
2474 [139794735064896] INFO perfrun.launcher <> - DirectoryMonitor object was destroyed
2474 [139794735064896] WARN perfrun.launcher <> - Stop command is ignored because it is received when collection is already stopped, at file: vcs/perfrun1/launcher/src/command_handler.cpp:226
2474 [139794735064896] INFO perfrun.launcher <> - Application exit code: 0
2474 [139794735064896] INFO perfrun.launcher <> - Exit code: 0
