reserved memory: 26877100032 18446744073709551615
########Layers=17
/home/keys/P1/P-AlexNet_training_key1.dat
>> Softmax - start
>> MaxPool - Start
   Dealer time: 8.155 milliseconds
>> MaxPool - End
>> Relu2Round - Start
>> Relu2Round - End
>> InsecureInverse - start
>> InsecureInverse - end
>> ElemWise Mult - start
>> ElemWise Mult - end
>> Softmax - end
Time for key write: 112
>> Softmax - start
>> MaxPool - Start
   Dealer time: 7.901 milliseconds
>> MaxPool - End
>> Relu2Round - Start
>> Relu2Round - End
>> InsecureInverse - start
>> InsecureInverse - end
>> ElemWise Mult - start
>> ElemWise Mult - end
>> Softmax - end
Time for key write: 106
>> Softmax - start
>> MaxPool - Start
   Dealer time: 7.779 milliseconds
>> MaxPool - End
>> Relu2Round - Start
>> Relu2Round - End
>> InsecureInverse - start
>> InsecureInverse - end
>> ElemWise Mult - start
>> ElemWise Mult - end
>> Softmax - end
Time for key write: 110
>> Softmax - start
>> MaxPool - Start
   Dealer time: 7.789 milliseconds
>> MaxPool - End
>> Relu2Round - Start
>> Relu2Round - End
>> InsecureInverse - start
>> InsecureInverse - end
>> ElemWise Mult - start
>> ElemWise Mult - end
>> Softmax - end
Time for key write: 99
>> Softmax - start
>> MaxPool - Start
   Dealer time: 7.89 milliseconds
>> MaxPool - End
>> Relu2Round - Start
>> Relu2Round - End
>> InsecureInverse - start
>> InsecureInverse - end
>> ElemWise Mult - start
>> ElemWise Mult - end
>> Softmax - end
Time for key write: 104
>> Softmax - start
>> MaxPool - Start
   Dealer time: 8.224 milliseconds
>> MaxPool - End
>> Relu2Round - Start
>> Relu2Round - End
>> InsecureInverse - start
>> InsecureInverse - end
>> ElemWise Mult - start
>> ElemWise Mult - end
>> Softmax - end
Time for key write: 112
>> Softmax - start
>> MaxPool - Start
   Dealer time: 8.369 milliseconds
>> MaxPool - End
>> Relu2Round - Start
>> Relu2Round - End
>> InsecureInverse - start
>> InsecureInverse - end
>> ElemWise Mult - start
>> ElemWise Mult - end
>> Softmax - end
Time for key write: 105
>> Softmax - start
>> MaxPool - Start
   Dealer time: 8.253 milliseconds
>> MaxPool - End
>> Relu2Round - Start
>> Relu2Round - End
>> InsecureInverse - start
>> InsecureInverse - end
>> ElemWise Mult - start
>> ElemWise Mult - end
>> Softmax - end
Time for key write: 112
>> Softmax - start
>> MaxPool - Start
   Dealer time: 7.816 milliseconds
>> MaxPool - End
>> Relu2Round - Start
>> Relu2Round - End
>> InsecureInverse - start
>> InsecureInverse - end
>> ElemWise Mult - start
>> ElemWise Mult - end
>> Softmax - end
Time for key write: 111
>> Softmax - start
>> MaxPool - Start
   Dealer time: 7.799 milliseconds
>> MaxPool - End
>> Relu2Round - Start
>> Relu2Round - End
>> InsecureInverse - start
>> InsecureInverse - end
>> ElemWise Mult - start
>> ElemWise Mult - end
>> Softmax - end
Time for key write: 106
>> Softmax - start
>> MaxPool - Start
   Dealer time: 7.926 milliseconds
>> MaxPool - End
>> Relu2Round - Start
>> Relu2Round - End
>> InsecureInverse - start
>> InsecureInverse - end
>> ElemWise Mult - start
>> ElemWise Mult - end
>> Softmax - end
Time for key write: 109
Sleeping for 300 seconds.
