reserved memory: 26877100032 18446744073709551615
########Layers=5
/home/keys/P1/P-SecureML_training_key1.dat
>> Softmax - start
>> MaxPool - Start
   Dealer time: 8.243 milliseconds
>> MaxPool - End
>> Relu2Round - Start
>> Relu2Round - End
>> InsecureInverse - start
>> InsecureInverse - end
>> ElemWise Mult - start
>> ElemWise Mult - end
>> Softmax - end
Time for key write: 8
>> Softmax - start
>> MaxPool - Start
   Dealer time: 8.092 milliseconds
>> MaxPool - End
>> Relu2Round - Start
>> Relu2Round - End
>> InsecureInverse - start
>> InsecureInverse - end
>> ElemWise Mult - start
>> ElemWise Mult - end
>> Softmax - end
Time for key write: 8
>> Softmax - start
>> MaxPool - Start
   Dealer time: 7.821 milliseconds
>> MaxPool - End
>> Relu2Round - Start
>> Relu2Round - End
>> InsecureInverse - start
>> InsecureInverse - end
>> ElemWise Mult - start
>> ElemWise Mult - end
>> Softmax - end
Time for key write: 9
>> Softmax - start
>> MaxPool - Start
   Dealer time: 8.247 milliseconds
>> MaxPool - End
>> Relu2Round - Start
>> Relu2Round - End
>> InsecureInverse - start
>> InsecureInverse - end
>> ElemWise Mult - start
>> ElemWise Mult - end
>> Softmax - end
Time for key write: 8
>> Softmax - start
>> MaxPool - Start
   Dealer time: 8.088 milliseconds
>> MaxPool - End
>> Relu2Round - Start
>> Relu2Round - End
>> InsecureInverse - start
>> InsecureInverse - end
>> ElemWise Mult - start
>> ElemWise Mult - end
>> Softmax - end
Time for key write: 8
>> Softmax - start
>> MaxPool - Start
   Dealer time: 7.827 milliseconds
>> MaxPool - End
>> Relu2Round - Start
>> Relu2Round - End
>> InsecureInverse - start
>> InsecureInverse - end
>> ElemWise Mult - start
>> ElemWise Mult - end
>> Softmax - end
Time for key write: 8
>> Softmax - start
>> MaxPool - Start
   Dealer time: 8.171 milliseconds
>> MaxPool - End
>> Relu2Round - Start
>> Relu2Round - End
>> InsecureInverse - start
>> InsecureInverse - end
>> ElemWise Mult - start
>> ElemWise Mult - end
>> Softmax - end
Time for key write: 9
>> Softmax - start
>> MaxPool - Start
   Dealer time: 7.91 milliseconds
>> MaxPool - End
>> Relu2Round - Start
>> Relu2Round - End
>> InsecureInverse - start
>> InsecureInverse - end
>> ElemWise Mult - start
>> ElemWise Mult - end
>> Softmax - end
Time for key write: 8
>> Softmax - start
>> MaxPool - Start
   Dealer time: 7.809 milliseconds
>> MaxPool - End
>> Relu2Round - Start
>> Relu2Round - End
>> InsecureInverse - start
>> InsecureInverse - end
>> ElemWise Mult - start
>> ElemWise Mult - end
>> Softmax - end
Time for key write: 8
>> Softmax - start
>> MaxPool - Start
   Dealer time: 8.471 milliseconds
>> MaxPool - End
>> Relu2Round - Start
>> Relu2Round - End
>> InsecureInverse - start
>> InsecureInverse - end
>> ElemWise Mult - start
>> ElemWise Mult - end
>> Softmax - end
Time for key write: 9
>> Softmax - start
>> MaxPool - Start
   Dealer time: 8.039 milliseconds
>> MaxPool - End
>> Relu2Round - Start
>> Relu2Round - End
>> InsecureInverse - start
>> InsecureInverse - end
>> ElemWise Mult - start
>> ElemWise Mult - end
>> Softmax - end
Time for key write: 9
Sleeping for 60 seconds.
