reserved memory: 26877100032 18446744073709551615
########Layers=5
/home/keys/P1/P-SecureML_training_key1.dat
>> Softmax - start
>> MaxPool - Start
   Dealer time: 10.182 milliseconds
>> MaxPool - End
>> Relu2Round - Start
>> Relu2Round - End
>> InsecureInverse - start
>> InsecureInverse - end
>> ElemWise Mult - start
>> ElemWise Mult - end
>> Softmax - end
Time for key write: 8
>> Softmax - start
>> MaxPool - Start
   Dealer time: 9.818 milliseconds
>> MaxPool - End
>> Relu2Round - Start
>> Relu2Round - End
>> InsecureInverse - start
>> InsecureInverse - end
>> ElemWise Mult - start
>> ElemWise Mult - end
>> Softmax - end
Time for key write: 13
>> Softmax - start
>> MaxPool - Start
   Dealer time: 12.832 milliseconds
>> MaxPool - End
>> Relu2Round - Start
>> Relu2Round - End
>> InsecureInverse - start
>> InsecureInverse - end
>> ElemWise Mult - start
>> ElemWise Mult - end
>> Softmax - end
Time for key write: 9
>> Softmax - start
>> MaxPool - Start
   Dealer time: 9.423 milliseconds
>> MaxPool - End
>> Relu2Round - Start
>> Relu2Round - End
>> InsecureInverse - start
>> InsecureInverse - end
>> ElemWise Mult - start
>> ElemWise Mult - end
>> Softmax - end
Time for key write: 8
>> Softmax - start
>> MaxPool - Start
   Dealer time: 9.067 milliseconds
>> MaxPool - End
>> Relu2Round - Start
>> Relu2Round - End
>> InsecureInverse - start
>> InsecureInverse - end
>> ElemWise Mult - start
>> ElemWise Mult - end
>> Softmax - end
Time for key write: 8
>> Softmax - start
>> MaxPool - Start
   Dealer time: 9.105 milliseconds
>> MaxPool - End
>> Relu2Round - Start
>> Relu2Round - End
>> InsecureInverse - start
>> InsecureInverse - end
>> ElemWise Mult - start
>> ElemWise Mult - end
>> Softmax - end
Time for key write: 8
>> Softmax - start
>> MaxPool - Start
   Dealer time: 11.45 milliseconds
>> MaxPool - End
>> Relu2Round - Start
>> Relu2Round - End
>> InsecureInverse - start
>> InsecureInverse - end
>> ElemWise Mult - start
>> ElemWise Mult - end
>> Softmax - end
Time for key write: 9
>> Softmax - start
>> MaxPool - Start
   Dealer time: 9.516 milliseconds
>> MaxPool - End
>> Relu2Round - Start
>> Relu2Round - End
>> InsecureInverse - start
>> InsecureInverse - end
>> ElemWise Mult - start
>> ElemWise Mult - end
>> Softmax - end
Time for key write: 8
>> Softmax - start
>> MaxPool - Start
   Dealer time: 10.275 milliseconds
>> MaxPool - End
>> Relu2Round - Start
>> Relu2Round - End
>> InsecureInverse - start
>> InsecureInverse - end
>> ElemWise Mult - start
>> ElemWise Mult - end
>> Softmax - end
Time for key write: 9
>> Softmax - start
>> MaxPool - Start
   Dealer time: 9.094 milliseconds
>> MaxPool - End
>> Relu2Round - Start
>> Relu2Round - End
>> InsecureInverse - start
>> InsecureInverse - end
>> ElemWise Mult - start
>> ElemWise Mult - end
>> Softmax - end
Time for key write: 8
>> Softmax - start
>> MaxPool - Start
   Dealer time: 8.862 milliseconds
>> MaxPool - End
>> Relu2Round - Start
>> Relu2Round - End
>> InsecureInverse - start
>> InsecureInverse - end
>> ElemWise Mult - start
>> ElemWise Mult - end
>> Softmax - end
Time for key write: 8
Sleeping for 60 seconds.
