0 [140130004760384] INFO perfrun.launcher <> - Launcher main begin
0 [140130004760384] INFO perfrun.launcher <> - MessageCatalogInit finished
1 [140130004760384] INFO perfrun.launcher <> - Launcher instance created
1 [140130004760384] INFO perfrun.launcher <> - argc = 7; cmdline = /opt/intel/oneapi/vtune/2025.10/bin64/amplxe-runss --ui-output-format xml --ui-output-fd 5 --option-file /home/ringlpn/results/vtune_hotspots_262144_128/config/runss.options 
23 [140130004760384] INFO perfrun.perfcollector <> - SEP tool path: /opt/intel/oneapi/vtune/2025.10/bin64/sep
29 [140130004760384] INFO perfrun.launcher <> - create msngr2::ICliToolContext
29 [140130004760384] INFO perfrun.launcher <> - create file finder object
29 [140130004760384] INFO perfrun.launcher <> - create a result directory: pattern = /home/ringlpn/results/vtune_hotspots_262144_128 pid = 4294967295
30 [140130004760384] INFO perfrun.sdk <> - checked that the directory /home/ringlpn/results/vtune_hotspots_262144_128 is a local directory
30 [140130004760384] INFO perfrun.sdk <> - the directory /home/ringlpn/results/vtune_hotspots_262144_128 is a local directory with FS type ID 61267
30 [140130004760384] INFO perfrun.launcher <> - create data directory = /home/ringlpn/results/vtune_hotspots_262144_128/data.0
30 [140130004760384] INFO perfrun.launcher <> - Creating the master collection flag
30 [140130004760384] INFO perfrun.launcher <> - Done creating the master collection flag
32 [140129851250240] INFO perfrun.launcher <> - plugin [remoteplug] was disabled because it doesn't support the given collection type.
32 [140129851250240] INFO perfrun.sdk <> - Allocating TMU :/home/ringlpn/results/vtune_hotspots_262144_128/data.0/systemcollector-3232-sn4622124096.sc
32 [140129851250240] INFO perfrun.system <> - Tpss based collection
32 [140129851250240] INFO perfrun.launcher <> - plugin [ptracecollector] was disabled because it doesn't support the given collection type.
32 [140129851250240] INFO perfrun.launcher <> - plugin [gpu] was disabled because it doesn't support the given collection type.
32 [140129851250240] INFO perfrun.launcher <> - plugin [] was disabled because it doesn't support the given collection type.
32 [140129851250240] INFO perfrun.launcher <> - plugin [] was disabled because it doesn't support the given collection type.
32 [140129851250240] INFO perfrun.launcher <> - plugin [] was disabled because it doesn't support the given collection type.
32 [140129851250240] INFO perfrun.mrte <> - system-wide mode is 0
32 [140129851250240] INFO perfrun.mrte <> - Getting  mrte profiling environment ...
37 [140129851250240] INFO perfrun.mrte <> - INTEL_MRTE_DATA_DIR=/home/ringlpn/results/vtune_hotspots_262144_128/data.0
37 [140129851250240] INFO perfrun.mrte <> - INTEL_MRTE_HOST_NAME=sn4622124096
37 [140129851250240] INFO perfrun.mrte <> - JAVA_TOOL_OPTIONS=-agentlib:amplxe_samplingmrte_javaprof_1.0 -Dsun.boot.library.path=/opt/intel/oneapi/vtune/2025.10/lib32/runtime:/opt/intel/oneapi/vtune/2025.10/lib64/runtime
37 [140129851250240] INFO perfrun.mrte <> - LD_LIBRARY_PATH=/opt/intel/oneapi/vtune/2025.10/lib32/runtime:/opt/intel/oneapi/vtune/2025.10/lib64/runtime:/usr/local/nvidia/lib:/usr/local/nvidia/lib64
37 [140129851250240] INFO perfrun.mrte <> - CORECLR_ENABLE_PROFILING=1
37 [140129851250240] INFO perfrun.mrte <> - CORECLR_PROFILER={AA5E4821-E3B1-479c-B7FF-5AD047D22CED}
37 [140129851250240] INFO perfrun.mrte <> - CORECLR_PROFILER_PATH=/opt/intel/oneapi/vtune/2025.10/lib64/libamplxe_samplingmrte_clrprof_1.0.so
37 [140129851250240] INFO perfrun.mrte <> - INTEL_MRTE_PROFILER_MODE=mixed
37 [140129851250240] INFO perfrun.mrte <> - Data directory: /home/ringlpn/results/vtune_hotspots_262144_128/data.0
37 [140129851250240] INFO perfrun.mrte <> - Mrte plugin is initialized
37 [140129851250240] INFO perfrun.sdk <> - runCmd: /opt/intel/oneapi/vtune/2025.10/bin64/emon -v
37 [140129851250240] INFO perfrun.sdk <> - runCmd started PID 3236
160 [140129851250240] INFO perfrun.emon <> - Extracted TSC Frequency = 3.096e+09 from emon -v
160 [140129851250240] INFO perfrun.metrics <> - PMU type is sapphirerapids_server
160 [140129851250240] INFO perfrun.launcher <> - plugin [cuscol] was disabled because it doesn't support the given collection type.
160 [140129851250240] INFO perfrun.launcher <> - plugin [stdsrc] was disabled because it doesn't support the given collection type.
160 [140129851250240] INFO perfrun.launcher <> - plugin [sep] was disabled because it doesn't support the given collection type.
160 [140129851250240] INFO perfrun.launcher <> - plugin [vtsspp] was disabled because it doesn't support the given collection type.
161 [140129851250240] INFO perfrun.launcher <> - plugin [perf] was disabled because it doesn't support the given collection type.
161 [140129851250240] INFO perfrun.launcher <> - plugin [aoclprofile] was disabled because it doesn't support the given collection type.
161 [140129851250240] INFO perfrun.tpss <> - initialize tpss controller
161 [140129851250240] INFO perfrun.tpss <> - configure collection mode: value = cpu:stack
161 [140129851250240] INFO perfrun.tpss <> - default obj-size-min=1024
161 [140129851250240] INFO perfrun.tpss <> - default hash-table-size=0
161 [140129851250240] INFO perfrun.launcher <> - plugin [media] was disabled because it doesn't support the given collection type.
161 [140129851250240] INFO perfrun.launcher <> - plugin [] was disabled because it doesn't support the given collection type.
161 [140129851250240] INFO perfrun.launcher <> - plugin [] was disabled because it doesn't support the given collection type.
161 [140129851250240] INFO perfrun.launcher <> - plugin [parallelfs] was disabled because it doesn't support the given collection type.
161 [140129851250240] INFO perfrun.launcher <> - plugin [power] was disabled because it doesn't support the given collection type.
161 [140129851250240] INFO perfrun.launcher <> - plugin [] was disabled because it doesn't support the given collection type.
161 [140129851250240] INFO perfrun.launcher <> - plugin [] was disabled because it doesn't support the given collection type.
161 [140129851250240] INFO perfrun.launcher <> - plugin [] was disabled because it doesn't support the given collection type.
161 [140129851250240] INFO perfrun.launcher <> - plugin [l0_metrics] was disabled because it doesn't support the given collection type.
161 [140129851250240] INFO perfrun.launcher <> - plugin [stall_reasons] was disabled because it doesn't support the given collection type.
161 [140130004760384] INFO perfrun.launcher <> - set environment variable: LD_LIBRARY_PATH = /opt/intel/oneapi/vtune/2025.10/lib32/runtime:/opt/intel/oneapi/vtune/2025.10/lib64/runtime:/usr/local/nvidia/lib:/usr/local/nvidia/lib64
161 [140130004760384] INFO perfrun.launcher <> - set environment variable: INTEL_LIBITTNOTIFY32 = /opt/intel/oneapi/vtune/2025.10/lib32/runtime/libittnotify_collector.so
161 [140130004760384] INFO perfrun.launcher <> - set environment variable: INTEL_LIBITTNOTIFY64 = /opt/intel/oneapi/vtune/2025.10/lib64/runtime/libittnotify_collector.so
161 [140130004760384] INFO perfrun.launcher <> - set environment variable: INTEL_ITTNOTIFY_GROUPS = 
161 [140130004760384] INFO perfrun.launcher <> - set environment variable: INTEL_JIT_PROFILER32 = /opt/intel/oneapi/vtune/2025.10/lib32/runtime/libittnotify_collector.so
161 [140130004760384] INFO perfrun.launcher <> - set environment variable: INTEL_JIT_PROFILER64 = /opt/intel/oneapi/vtune/2025.10/lib64/runtime/libittnotify_collector.so
161 [140130004760384] INFO perfrun.launcher <> - set environment variable: CCL_ITT_LEVEL = 1
161 [140130004760384] INFO perfrun.launcher <> - set environment variable: ENABLE_JITPROFILING = 1
162 [140130004760384] INFO perfrun.launcher <> - set environment variable: CL_CONFIG_USE_VTUNE = True
162 [140130004760384] INFO perfrun.launcher <> - set environment variable: KMP_FORKJOIN_FRAMES = 0
162 [140130004760384] INFO perfrun.launcher <> - set environment variable: KMP_FORKJOIN_FRAMES_MODE = 0
162 [140130004760384] INFO perfrun.launcher <> - set environment variable: INTEL_MRTE_DATA_DIR = /home/ringlpn/results/vtune_hotspots_262144_128/data.0
162 [140130004760384] INFO perfrun.launcher <> - set environment variable: INTEL_MRTE_HOST_NAME = sn4622124096
162 [140130004760384] INFO perfrun.launcher <> - set environment variable: JAVA_TOOL_OPTIONS = -agentlib:amplxe_samplingmrte_javaprof_1.0 -Dsun.boot.library.path=/opt/intel/oneapi/vtune/2025.10/lib32/runtime:/opt/intel/oneapi/vtune/2025.10/lib64/runtime
162 [140130004760384] INFO perfrun.launcher <> - set environment variable: LD_LIBRARY_PATH = /opt/intel/oneapi/vtune/2025.10/lib32/runtime:/opt/intel/oneapi/vtune/2025.10/lib64/runtime:/usr/local/nvidia/lib:/usr/local/nvidia/lib64
162 [140130004760384] INFO perfrun.launcher <> - set environment variable: CORECLR_ENABLE_PROFILING = 1
162 [140130004760384] INFO perfrun.launcher <> - set environment variable: CORECLR_PROFILER = {AA5E4821-E3B1-479c-B7FF-5AD047D22CED}
162 [140130004760384] INFO perfrun.launcher <> - set environment variable: CORECLR_PROFILER_PATH = /opt/intel/oneapi/vtune/2025.10/lib64/libamplxe_samplingmrte_clrprof_1.0.so
162 [140130004760384] INFO perfrun.launcher <> - set environment variable: INTEL_MRTE_PROFILER_MODE = mixed
162 [140130004760384] INFO perfrun.launcher <> - RpcServer: run RPC server to handle requests
162 [140130004760384] INFO perfrun.launcher <> - Launcher: command line to start before modification = /home/ringlpn/bin/bench_ntt --n 262144 --qbits 128 --iters 50 --warmup 10
162 [140130004760384] INFO perfrun.launcher <> - Launcher: command line to start after modification = /opt/intel/oneapi/vtune/2025.10/bin64/pin -error_file /home/ringlpn/results/vtune_hotspots_262144_128/data.0/pinerr.tpsslog -detach_reattach -follow_execv -tool_load_option deepbind -t64 /opt/intel/oneapi/vtune/2025.10/lib64/libtpsstool.so -t /opt/intel/oneapi/vtune/2025.10/lib32/libtpsstool.so -server_name tpss_ipc.3232 -prd_dir /opt/intel/oneapi/vtune/2025.10 -- /home/ringlpn/bin/bench_ntt --n 262144 --qbits 128 --iters 50 --warmup 10
162 [140130004760384] INFO perfrun.launcher <> - ProcessCreator object was created
163 [140130004760384] INFO perfrun.launcher <> - Launcher: the process was started in suspend mode
164 [140129851250240] WARN perfrun.system <> - Folder "/sys/kernel/debug/kvm"doesn't exist, at file: vcs/perfrun1/plugins/system/src/trace_writer.cpp:724
164 [140129851250240] WARN perfrun.system <> - Folder "/var/run/libvirt/qemu/"doesn't exist, at file: vcs/perfrun1/plugins/system/src/trace_writer.cpp:804
166 [140129851250240] INFO perfrun.sdk <> - Found PCU CR3 registers at 0000:ff:1e.3
166 [140129851250240] INFO perfrun.sdk <> - runCmd: /opt/intel/oneapi/vtune/2025.10/bin64/sep -platform-info
166 [140129851250240] INFO perfrun.sdk <> - runCmd started PID 3240
288 [140129851250240] INFO perfrun.sdk <> - sep platform info successfully parsed
288 [140129851250240] INFO perfrun.sdk <> - Mapped device: AD102GL [RTX 5000 Ada Generation] 0000:16:00.0
288 [140129851250240] INFO perfrun.sdk <> - Mapped device: AD102GL [RTX 5000 Ada Generation] 0000:16:00.0
288 [140129851250240] INFO perfrun.sdk <> - Mapped device: AD102 High Definition Audio Controller 0000:16:00.1
288 [140129851250240] INFO perfrun.sdk <> - Mapped device: AD102 High Definition Audio Controller 0000:16:00.1
288 [140129851250240] INFO perfrun.sdk <> - Mapped device: AD102GL [RTX 5000 Ada Generation] 0000:52:00.0
288 [140129851250240] INFO perfrun.sdk <> - Mapped device: AD102GL [RTX 5000 Ada Generation] 0000:52:00.0
288 [140129851250240] INFO perfrun.sdk <> - Mapped device: AD102 High Definition Audio Controller 0000:52:00.1
288 [140129851250240] INFO perfrun.sdk <> - Mapped device: AD102 High Definition Audio Controller 0000:52:00.1
288 [140129851250240] INFO perfrun.sdk <> - Mapped device: AD102GL [RTX 5000 Ada Generation] 0000:34:00.0
288 [140129851250240] INFO perfrun.sdk <> - Mapped device: AD102GL [RTX 5000 Ada Generation] 0000:34:00.0
288 [140129851250240] INFO perfrun.sdk <> - Mapped device: AD102 High Definition Audio Controller 0000:34:00.1
288 [140129851250240] INFO perfrun.sdk <> - Mapped device: AD102 High Definition Audio Controller 0000:34:00.1
288 [140129851250240] INFO perfrun.sdk <> - Mapped device: AD102GL [RTX 5000 Ada Generation] 0000:70:00.0
288 [140129851250240] INFO perfrun.sdk <> - Mapped device: AD102GL [RTX 5000 Ada Generation] 0000:70:00.0
288 [140129851250240] INFO perfrun.sdk <> - Mapped device: AD102 High Definition Audio Controller 0000:70:00.1
288 [140129851250240] INFO perfrun.sdk <> - Mapped device: AD102 High Definition Audio Controller 0000:70:00.1
288 [140129851250240] ERROR perfrun.sdk <> - Cannot map to PMON notation. Unknown ID: 6, at file: vcs/perfrun1/plugins/pluginsdk/src/device_mapper.cpp:2949
288 [140129851250240] INFO perfrun.sdk <> - UBOX DID = 3250 LNID offset = c0 GID offset = d4
288 [140129851250240] INFO perfrun.sdk <> - Found UBOX at 0000:fe:00.0
288 [140129851250240] INFO perfrun.sdk <> - Found MSM at 0000:e7:03.0
288 [140129851250240] INFO perfrun.sdk <> - SAD_CONTROL_CFG for bus 0 e000000
288 [140129851250240] INFO perfrun.sdk <> - Mapped CPU bus #0 (domain 0 bus 0) to IO PMU #1 package 0
288 [140129851250240] INFO perfrun.sdk <> - Mapped CPU bus #1 (domain 0 bus 15) to IO PMU #2 package 0
288 [140129851250240] INFO perfrun.sdk <> - Mapped CPU bus #2 (domain 0 bus 8d) to IO PMU #4 package 0
288 [140129851250240] INFO perfrun.sdk <> - Mapped CPU bus #3 (domain 0 bus 51) to IO PMU #6 package 0
288 [140129851250240] INFO perfrun.sdk <> - Mapped CPU bus #4 (domain 0 bus 33) to IO PMU #7 package 0
288 [140129851250240] INFO perfrun.sdk <> - Mapped CPU bus #5 (domain 0 bus 6f) to IO PMU #9 package 0
288 [140129851250240] ERROR perfrun.sdk <> - Cannot map CPU bus 6 to IO PMU ID, at file: vcs/perfrun1/plugins/pluginsdk/src/device_mapper.cpp:2890
288 [140129851250240] ERROR perfrun.sdk <> - Cannot map CPU bus 7 to IO PMU ID, at file: vcs/perfrun1/plugins/pluginsdk/src/device_mapper.cpp:2890
288 [140129851250240] INFO perfrun.sdk <> - Mapped CPU bus #8 (domain 0 bus e7) to IO PMU #0 package 0
288 [140129851250240] INFO perfrun.sdk <> - Mapped CPU bus #9 (domain 0 bus ec) to IO PMU #3 package 0
288 [140129851250240] INFO perfrun.sdk <> - Mapped CPU bus #10 (domain 0 bus f1) to IO PMU #5 package 0
288 [140129851250240] INFO perfrun.sdk <> - Mapped CPU bus #11 (domain 0 bus f6) to IO PMU #8 package 0
288 [140129851250240] INFO perfrun.sdk <> -  package 0 unit 0 domain 0 rootBus e7
288 [140129851250240] INFO perfrun.sdk <> - Found DSA at 0000:e7:01.0 package 0 unit 0
288 [140129851250240] INFO perfrun.sdk <> - Mapped device: AD102GL [RTX 5000 Ada Generation] 0000:16:00.0
288 [140129851250240] INFO perfrun.sdk <> - Mapped device: AD102GL [RTX 5000 Ada Generation] 0000:16:00.0
288 [140129851250240] INFO perfrun.sdk <> - Mapped device: AD102 High Definition Audio Controller 0000:16:00.1
288 [140129851250240] INFO perfrun.sdk <> - Mapped device: AD102 High Definition Audio Controller 0000:16:00.1
288 [140129851250240] INFO perfrun.sdk <> -  package 0 unit 3 domain 0 rootBus ec
288 [140129851250240] INFO perfrun.sdk <> -  package 0 unit 5 domain 0 rootBus f1
288 [140129851250240] INFO perfrun.sdk <> - Mapped device: AD102GL [RTX 5000 Ada Generation] 0000:52:00.0
288 [140129851250240] INFO perfrun.sdk <> - Mapped device: AD102GL [RTX 5000 Ada Generation] 0000:52:00.0
288 [140129851250240] INFO perfrun.sdk <> - Mapped device: AD102 High Definition Audio Controller 0000:52:00.1
288 [140129851250240] INFO perfrun.sdk <> - Mapped device: AD102 High Definition Audio Controller 0000:52:00.1
289 [140129851250240] INFO perfrun.sdk <> - Mapped device: AD102GL [RTX 5000 Ada Generation] 0000:34:00.0
289 [140129851250240] INFO perfrun.sdk <> - Mapped device: AD102GL [RTX 5000 Ada Generation] 0000:34:00.0
289 [140129851250240] INFO perfrun.sdk <> - Mapped device: AD102 High Definition Audio Controller 0000:34:00.1
289 [140129851250240] INFO perfrun.sdk <> - Mapped device: AD102 High Definition Audio Controller 0000:34:00.1
289 [140129851250240] INFO perfrun.sdk <> -  package 0 unit 8 domain 0 rootBus f6
289 [140129851250240] INFO perfrun.sdk <> - Mapped device: AD102GL [RTX 5000 Ada Generation] 0000:70:00.0
289 [140129851250240] INFO perfrun.sdk <> - Mapped device: AD102GL [RTX 5000 Ada Generation] 0000:70:00.0
289 [140129851250240] INFO perfrun.sdk <> - Mapped device: AD102 High Definition Audio Controller 0000:70:00.1
289 [140129851250240] INFO perfrun.sdk <> - Mapped device: AD102 High Definition Audio Controller 0000:70:00.1
290 [140129851250240] WARN perfrun.sdk <> - Failed to find xl binary on any of the system paths: /bin, /sbin, /usr/bin, /usr/sbin., at file: vcs/perfrun1/sdk/src/utils.cpp:205
290 [140129851250240] WARN perfrun.system <> - Could not start ContainerMapping collector, at file: vcs/perfrun1/plugins/system/src/controller.cpp:450
293 [140129851250240] INFO perfrun.vdso <> - Helper runtool '/opt/intel/oneapi/vtune/2025.10/bin32/amplxe-runss -dump-vdso -r /home/ringlpn/results/vtune_hotspots_262144_128 --tmp-dir /tmp/amplxe-tmp-root' returned 1
341 [140129851250240] INFO perfrun.vdso <> - Helper runtool '/opt/intel/oneapi/vtune/2025.10/bin64/amplxe-runss -dump-vdso -r /home/ringlpn/results/vtune_hotspots_262144_128 --tmp-dir /tmp/amplxe-tmp-root' returned 0
341 [140129851250240] INFO perfrun.itt <> - start itt controller for pid #3239
341 [140129851250240] INFO perfrun.sdk <> - runCmd: /opt/intel/oneapi/vtune/2025.10/bin64/emon -M
342 [140129851250240] INFO perfrun.sdk <> - runCmd started PID 3247
454 [140129851250240] INFO perfrun.sdk <> - runCmd: /opt/intel/oneapi/vtune/2025.10/bin64/emon -v
455 [140129851250240] INFO perfrun.sdk <> - runCmd started PID 3248
576 [140129851250240] INFO perfrun.sdk <> - runCmd: /opt/intel/oneapi/vtune/2025.10/bin64/sep -dry-run -ec CPU_CLK_UNHALTED.THREAD,CPU_CLK_UNHALTED.REF_TSC:sample:sa=3100000,INST_RETIRED.ANY:sample:sa=3100000,CPU_CLK_UNHALTED.DISTRIBUTED,FP_ARITH_INST_RETIRED.SCALAR_SINGLE,FP_ARITH_INST_RETIRED.128B_PACKED_SINGLE,FP_ARITH_INST_RETIRED.256B_PACKED_SINGLE,FP_ARITH_INST_RETIRED.SCALAR_DOUBLE,FP_ARITH_INST_RETIRED.128B_PACKED_DOUBLE,FP_ARITH_INST_RETIRED.256B_PACKED_DOUBLE,UOPS_EXECUTED.X87,UOPS_RETIRED.SLOTS,UOPS_EXECUTED.THREAD,FP_ARITH_INST_RETIRED.512B_PACKED_DOUBLE,FP_ARITH_INST_RETIRED.512B_PACKED_SINGLE,FP_ARITH_INST_RETIRED2.SCALAR_HALF,FP_ARITH_INST_RETIRED2.128B_PACKED_HALF,FP_ARITH_INST_RETIRED2.256B_PACKED_HALF,FP_ARITH_INST_RETIRED2.512B_PACKED_HALF,TOPDOWN.SLOTS:perf_metrics:sample:sa=2000003 -experimental
577 [140129851250240] INFO perfrun.sdk <> - runCmd started PID 3250
690 [140129851250240] INFO perfrun.emon <> - Spawned collector thread
691 [140129742087744] INFO perfrun.sdk <> - runCmd: /opt/intel/oneapi/vtune/2025.10/bin64/emon -u -t 0.050 -l0 -C CPU_CLK_UNHALTED.DISTRIBUTED,CPU_CLK_UNHALTED.REF_TSC,CPU_CLK_UNHALTED.THREAD,FP_ARITH_INST_RETIRED.128B_PACKED_DOUBLE,FP_ARITH_INST_RETIRED.128B_PACKED_SINGLE,FP_ARITH_INST_RETIRED.256B_PACKED_DOUBLE,FP_ARITH_INST_RETIRED.256B_PACKED_SINGLE,FP_ARITH_INST_RETIRED.512B_PACKED_DOUBLE,FP_ARITH_INST_RETIRED.512B_PACKED_SINGLE,FP_ARITH_INST_RETIRED.SCALAR_DOUBLE,FP_ARITH_INST_RETIRED.SCALAR_SINGLE,FP_ARITH_INST_RETIRED2.128B_PACKED_HALF,FP_ARITH_INST_RETIRED2.256B_PACKED_HALF,FP_ARITH_INST_RETIRED2.512B_PACKED_HALF,FP_ARITH_INST_RETIRED2.SCALAR_HALF,INST_RETIRED.ANY,TOPDOWN.SLOTS:perf_metrics,UOPS_EXECUTED.THREAD,UOPS_EXECUTED.X87,UOPS_RETIRED.SLOTS -experimental
691 [140129742087744] INFO perfrun.sdk <> - runCmd started PID 3252
911 [140129851250240] INFO perfrun.tpss <> - start tpss controller for pid #3239
961 [140130004760384] INFO perfrun.launcher <> - Launcher: all plugins were started
962 [140130004760384] INFO perfrun.launcher <> - DirectoryMonitor object was created
962 [140130004760384] INFO perfrun.launcher <> - DirectoryMonitor: a callback was added
962 [140130004760384] INFO perfrun.launcher <> - DirectoryMonitor was started with pingTime = 1000
962 [140130004760384] INFO perfrun.launcher <> - DeadlineTimer is going to be constructed
962 [140130004760384] INFO perfrun.launcher <> - DeadlineTimer: a callback was added
965 [140130004760384] INFO perfrun.launcher <> - Launcher: resume the profiled application and  wait its termination or stop command
4321 [140130004760384] INFO perfrun.launcher <> - Launcher: the profiled application was terminated  with exit code = 0
4324 [140129851250240] INFO perfrun.itt <> - detach itt controller
4324 [140129851250240] INFO perfrun.itt <> - detach itt controller done
4324 [140129851250240] INFO perfrun.sdk <> - runCmd: /opt/intel/oneapi/vtune/2025.10/bin64/emon -stop
4325 [140129851250240] INFO perfrun.sdk <> - runCmd started PID 3266
4508 [140129851250240] INFO perfrun.emon <> - EMON collector successfully stopped.

4513 [140129742087744] WARN perfrun.emon_output <> - TimeKeeper: the time is being asked while the time keeper object is armed. This may mean that the time for the last group is getting reused as the time for this group
4513 [140129742087744] INFO perfrun.emon_output <> - Collector process exited successfully
4514 [140129851250240] INFO perfrun.tpss <> - stop tpss controller
4514 [140129851250240] INFO perfrun.sdk <> - De-allocating TMU: /home/ringlpn/results/vtune_hotspots_262144_128/data.0/systemcollector-3232-sn4622124096.sc
4514 [140129851250240] INFO perfrun.system <> - closed the system trace file: /home/ringlpn/results/vtune_hotspots_262144_128/data.0/systemcollector-3232-sn4622124096.sc
4514 [140130004760384] INFO perfrun.launcher <> - Launcher: all plugins were stopped.
4514 [140130004760384] INFO perfrun.launcher <> - DeadlineTimer is going to be destroyed
4514 [140130004760384] INFO perfrun.launcher <> - DeadlineTimer was destroyed
4514 [140130004760384] INFO perfrun.launcher <> - DirectoryMonitor object was destroyed
4514 [140130004760384] WARN perfrun.launcher <> - Stop command is ignored because it is received when collection is already stopped, at file: vcs/perfrun1/launcher/src/command_handler.cpp:226
4515 [140130004760384] INFO perfrun.launcher <> - Application exit code: 0
4515 [140130004760384] INFO perfrun.launcher <> - Exit code: 0
